2020-06-24 15:56:47.767  INFO 70448 --- [main] lavalink.server.Launcher                 : 

[32m       .  [31m _                  _ _       _    [32m__ _ _
[32m      /\\ [31m| | __ ___   ____ _| (_)_ __ | | __[32m\ \ \ \
[32m     ( ( )[31m| |/ _` \ \ / / _` | | | '_ \| |/ /[32m \ \ \ \
[32m      \\/ [31m| | (_| |\ V / (_| | | | | | |   < [32m  ) ) ) )
[32m       '  [31m|_|\__,_| \_/ \__,_|_|_|_| |_|_|\_\[32m / / / /
[0m    =========================================[32m/_/_/_/[0m

	Version:        3.3.1
	Build:          997
	Build time:     25.03.2020 12:30:43 UTC
	Branch          master
	Commit:         29f68ba
	Commit time:    25.03.2020 12:28:48 UTC
	JVM:            14.0.1
	Lavaplayer      1.3.38

2020-06-24 15:56:47.871  INFO 70448 --- [main] lavalink.server.Launcher                 : Starting Launcher on MacBook-Pro.attlocal.net with PID 70448 (/Users/giovannisalas/Desktop/eden-discord-bot/Lavalink.jar started by giovannisalas in /Users/giovannisalas/Desktop/eden-discord-bot)
2020-06-24 15:56:47.872  INFO 70448 --- [main] lavalink.server.Launcher                 : No active profile set, falling back to default profiles: default
2020-06-24 15:56:47.986  WARN 70448 --- [background-preinit] o.s.h.c.j.Jackson2ObjectMapperBuilder    : For Jackson Kotlin classes support please add "com.fasterxml.jackson.module:jackson-module-kotlin" to the classpath
2020-06-24 15:56:49.371  WARN 70448 --- [main] io.undertow.websockets.jsr               : UT026010: Buffer pool was not set on WebSocketDeploymentInfo, the default pool will be used
2020-06-24 15:56:49.404  INFO 70448 --- [main] io.undertow.servlet                      : Initializing Spring embedded WebApplicationContext
2020-06-24 15:56:49.404  INFO 70448 --- [main] o.s.web.context.ContextLoader            : Root WebApplicationContext: initialization completed in 1477 ms
2020-06-24 15:56:49.834  WARN 70448 --- [main] l.server.config.SentryConfiguration      : Turning off sentry
2020-06-24 15:56:49.844  INFO 70448 --- [main] l.s.c.AudioSendFactoryConfiguration      : OS: Mac OS X, Arch: x86_64
2020-06-24 15:56:49.844  WARN 70448 --- [main] l.s.c.AudioSendFactoryConfiguration      : This system and architecture appears to not support native audio sending! GC pauses may cause your bot to stutter during playback.
2020-06-24 15:56:50.228  INFO 70448 --- [main] c.s.d.l.tools.GarbageCollectionMonitor   : GC monitoring enabled, reporting results every 2 minutes.
2020-06-24 15:56:50.728  INFO 70448 --- [main] o.s.s.concurrent.ThreadPoolTaskExecutor  : Initializing ExecutorService 'applicationTaskExecutor'
2020-06-24 15:56:51.157  INFO 70448 --- [main] org.xnio                                 : XNIO version 3.3.8.Final
2020-06-24 15:56:51.174  INFO 70448 --- [main] org.xnio.nio                             : XNIO NIO Implementation Version 3.3.8.Final
2020-06-24 15:56:51.288  INFO 70448 --- [main] o.s.b.w.e.u.UndertowServletWebServer     : Undertow started on port(s) 209 (http) with context path ''
2020-06-24 15:56:51.293  INFO 70448 --- [main] lavalink.server.Launcher                 : Started Launcher in 4.053 seconds (JVM running for 4.567)
2020-06-24 15:57:26.313  INFO 70448 --- [Thread-1] o.s.s.concurrent.ThreadPoolTaskExecutor  : Shutting down ExecutorService 'applicationTaskExecutor'
2020-06-24 15:57:26.315  INFO 70448 --- [Thread-1] c.s.d.l.tools.GarbageCollectionMonitor   : GC monitoring disabled.
